0 info it worked if it ends with ok
1 verbose cli [ '/home/bruce/.nvm/v0.10.38/bin/node',
1 verbose cli   '/home/bruce/.nvm/v0.10.38/bin/npm',
1 verbose cli   'install',
1 verbose cli   '-g',
1 verbose cli   '~./Git/entitas' ]
2 info using npm@1.4.28
3 info using node@v0.10.38
4 verbose cache add [ '~./Git/entitas', null ]
5 verbose cache add name=undefined spec="~./Git/entitas" args=["~./Git/entitas",null]
6 verbose parsed url { protocol: null,
6 verbose parsed url   slashes: null,
6 verbose parsed url   auth: null,
6 verbose parsed url   host: null,
6 verbose parsed url   port: null,
6 verbose parsed url   hostname: null,
6 verbose parsed url   hash: null,
6 verbose parsed url   search: null,
6 verbose parsed url   query: null,
6 verbose parsed url   pathname: '~./Git/entitas',
6 verbose parsed url   path: '~./Git/entitas',
6 verbose parsed url   href: '~./Git/entitas' }
7 silly lockFile fc7396a2-Git-entitas ~./Git/entitas
8 verbose lock ~./Git/entitas /home/bruce/.npm/fc7396a2-Git-entitas.lock
9 silly lockFile fc7396a2-Git-entitas ~./Git/entitas
10 silly lockFile fc7396a2-Git-entitas ~./Git/entitas
11 error addLocal Could not install ~./Git/entitas
12 error Error: ENOENT, stat '~./Git/entitas'
13 error If you need help, you may report this *entire* log,
13 error including the npm and node versions, at:
13 error     <http://github.com/npm/npm/issues>
14 error System Linux 3.13.0-24-generic
15 error command "/home/bruce/.nvm/v0.10.38/bin/node" "/home/bruce/.nvm/v0.10.38/bin/npm" "install" "-g" "~./Git/entitas"
16 error cwd /home/bruce/Git/ecs-fsharp
17 error node -v v0.10.38
18 error npm -v 1.4.28
19 error path ~./Git/entitas
20 error code ENOENT
21 error errno 34
22 verbose exit [ 34, true ]
